000001 12:20:05 INFO Starting "public".demo_process ({"count":20})
000002 12:20:05 NOTICE Generating 20 random numbers
000003 12:20:05 NOTICE 1: 9c28afd6-24e9-1395-f8a9-d35e25d1ab54
000004 12:20:05 NOTICE 2: 97c46a99-e93f-cc4c-5e54-2a34115bc906
000005 12:20:05 NOTICE 3: 1ca77415-d45a-1976-8caa-7dd8e35bd52d
000006 12:20:05 NOTICE 4: 2c6817ee-b39d-c145-def5-cddb137e89c9
000007 12:20:05 NOTICE 5: 6337a167-5f42-098d-8735-6217586d2478
000008 12:20:05 NOTICE 6: 7a02b681-6d36-6b4e-3849-a61fe8c1b493
000009 12:20:05 NOTICE 7: e94b0dc6-a0c2-b11f-9593-ba3930ae5424
00000a 12:20:05 NOTICE 8: e6fe4c4e-c118-218b-62e2-d2b127f7b2ba
00000b 12:20:05 NOTICE 9: 8b9c8db5-ebd1-d6c4-9b67-e37197869412
00000c 12:20:05 NOTICE 10: 09e879c6-6a73-157a-1d1f-191a191ad2cd
00000d 12:20:05 NOTICE 11: bb63539b-d2ef-66a7-5b75-581622203ede
00000e 12:20:05 NOTICE 12: a4208bb6-da64-11c6-c4b2-cc8dead39c24
00000f 12:20:05 NOTICE 13: 1449100e-a63c-7f33-4e50-cddb8cd2906a
000010 12:20:05 NOTICE 14: 4a45a445-a721-755a-5aa2-89c16b3eb990
000011 12:20:05 NOTICE 15: 4d5e294c-17d8-c332-dd46-717dbbc75779
000012 12:20:05 NOTICE 16: 5c866c37-41f1-4232-1788-8064b3b194ae
000013 12:20:05 NOTICE 17: 1367f9e4-ae5e-2812-09a8-91c5496dc1cd
000014 12:20:05 NOTICE 18: 4363b577-4c66-5785-03d9-4ae7456163f9
000015 12:20:05 NOTICE 19: 65d2a59e-2e57-6dc6-1b05-6eca43ba6b5b
000016 12:20:05 NOTICE 20: 12db77b9-611c-ee30-a351-32a7572a2773
000017 12:20:05 NOTICE Done.
000018 12:20:05 INFO Done.
